2026-01-05 03:53:00 | INFO     | AppController | AppController создан
2026-01-05 03:53:01 | INFO     | AppController | Инициализация приложения...
2026-01-05 03:53:01 | INFO     | AppController | Приложение инициализировано
2026-01-05 03:53:01 | INFO     | AppController | Приложение запущено
2026-01-05 04:04:47 | INFO     | AppController | AppController создан
2026-01-05 04:04:47 | INFO     | AppController | Инициализация приложения...
2026-01-05 04:04:47 | INFO     | AppController | Приложение инициализировано
2026-01-05 04:04:47 | INFO     | AppController | Приложение запущено
2026-01-05 04:07:28 | INFO     | AppController | AppController создан
2026-01-05 04:07:29 | INFO     | AppController | Инициализация приложения...
2026-01-05 04:07:29 | INFO     | AppController | Приложение инициализировано
2026-01-05 04:07:29 | INFO     | AppController | Приложение запущено
2026-01-05 04:09:20 | INFO     | AppController | Остановка приложения...
2026-01-05 04:09:20 | INFO     | AppController | Приложение остановлено
2026-01-05 04:36:31 | INFO     | AppController | AppController создан
2026-01-05 04:36:31 | INFO     | AppController | Инициализация приложения...
2026-01-05 04:36:31 | INFO     | AppController | Приложение инициализировано
2026-01-05 04:36:31 | INFO     | AppController | Приложение запущено
2026-01-05 04:41:31 | INFO     | AppController | AppController создан
2026-01-05 04:41:46 | INFO     | AppController | Инициализация приложения...
2026-01-05 04:41:46 | INFO     | AppController | Приложение инициализировано
2026-01-05 04:41:46 | INFO     | AppController | Приложение запущено
2026-01-05 04:45:23 | INFO     | AppController | AppController создан
2026-01-05 04:45:24 | INFO     | AppController | Инициализация приложения...
2026-01-05 04:45:24 | INFO     | AppController | Приложение инициализировано
2026-01-05 04:45:24 | INFO     | AppController | Приложение запущено
2026-01-05 04:50:06 | INFO     | AppController | AppController создан
2026-01-05 04:50:07 | INFO     | AppController | Инициализация приложения...
2026-01-05 04:50:07 | INFO     | AppController | Приложение инициализировано
2026-01-05 04:50:07 | INFO     | AppController | Приложение запущено
2026-01-05 04:54:59 | INFO     | AppController | AppController создан
2026-01-05 04:55:00 | INFO     | AppController | Инициализация приложения...
2026-01-05 04:55:00 | INFO     | AppController | Приложение инициализировано
2026-01-05 04:55:00 | INFO     | AppController | Приложение запущено
2026-01-05 05:04:03 | INFO     | AppController | Остановка приложения...
2026-01-05 05:04:03 | INFO     | AppController | Приложение остановлено
2026-01-05 05:07:15 | INFO     | AppController | AppController создан
2026-01-05 05:07:15 | INFO     | AppController | Инициализация приложения...
2026-01-05 05:07:15 | INFO     | AppController | Приложение инициализировано
2026-01-05 05:07:15 | INFO     | AppController | Приложение запущено
2026-01-05 05:11:00 | INFO     | AppController | AppController создан
2026-01-05 05:11:00 | INFO     | AppController | Инициализация приложения...
2026-01-05 05:11:00 | INFO     | AppController | Приложение инициализировано
2026-01-05 05:11:00 | INFO     | AppController | Приложение запущено
2026-01-05 05:13:35 | INFO     | AppController | AppController создан
2026-01-05 05:13:36 | INFO     | AppController | Инициализация приложения...
2026-01-05 05:13:36 | INFO     | AppController | Приложение инициализировано
2026-01-05 05:13:36 | INFO     | AppController | Приложение запущено
2026-01-05 05:22:13 | INFO     | AppController | AppController создан
2026-01-05 05:22:14 | INFO     | AppController | Инициализация приложения...
2026-01-05 05:22:14 | INFO     | AppController | Приложение инициализировано
2026-01-05 05:22:14 | INFO     | AppController | Приложение запущено
2026-01-05 05:47:23 | INFO     | AppController | AppController создан
2026-01-05 05:50:14 | INFO     | AppController | AppController создан
2026-01-05 05:55:29 | INFO     | AppController | AppController создан
2026-01-05 07:02:51 | INFO     | AppController | AppController создан
2026-01-05 07:02:51 | INFO     | AppController | Инициализация приложения...
2026-01-05 07:02:51 | INFO     | AppController | Приложение инициализировано
2026-01-05 07:02:51 | INFO     | AppController | Приложение запущено
2026-01-05 07:09:39 | INFO     | AppController | Остановка приложения...
2026-01-05 07:09:39 | INFO     | AppController | Приложение остановлено
2026-01-05 22:56:50 | INFO     | AppController | AppController создан
2026-01-05 22:56:50 | INFO     | AppController | Инициализация приложения...
2026-01-05 22:56:50 | INFO     | AppController | Приложение инициализировано
2026-01-05 22:56:50 | INFO     | AppController | Приложение запущено
2026-01-05 23:13:56 | INFO     | AppController | Остановка приложения...
2026-01-05 23:13:56 | INFO     | AppController | Приложение остановлено
2026-01-06 13:36:07 | INFO     | AppController | AppController создан
2026-01-06 13:36:07 | INFO     | AppController | Инициализация приложения...
2026-01-06 13:36:07 | INFO     | AppController | Приложение инициализировано
2026-01-06 13:36:07 | INFO     | AppController | Приложение запущено
2026-01-06 14:00:05 | INFO     | AppController | AppController создан
2026-01-06 14:00:05 | INFO     | AppController | Инициализация приложения...
2026-01-06 14:00:05 | INFO     | AppController | Приложение инициализировано
2026-01-06 14:00:05 | INFO     | AppController | Приложение запущено
2026-01-06 14:07:05 | INFO     | AppController | Остановка приложения...
2026-01-06 14:07:05 | INFO     | AppController | Приложение остановлено
2026-01-06 14:07:51 | INFO     | AppController | AppController создан
2026-01-06 14:07:51 | INFO     | AppController | Инициализация приложения...
2026-01-06 14:07:51 | INFO     | AppController | Приложение инициализировано
2026-01-06 14:07:51 | INFO     | AppController | Приложение запущено
2026-01-06 14:12:18 | INFO     | AppController | Остановка приложения...
2026-01-06 14:12:18 | INFO     | AppController | Приложение остановлено
2026-01-06 14:12:23 | INFO     | AppController | AppController создан
2026-01-06 14:12:23 | INFO     | AppController | Инициализация приложения...
2026-01-06 14:12:23 | INFO     | AppController | Приложение инициализировано
2026-01-06 14:12:23 | INFO     | AppController | Приложение запущено
2026-01-06 14:13:35 | INFO     | AppController | AppController создан
2026-01-06 14:13:35 | INFO     | AppController | Инициализация приложения...
2026-01-06 14:13:35 | INFO     | AppController | Приложение инициализировано
2026-01-06 14:13:35 | INFO     | AppController | Приложение запущено
2026-01-06 14:13:38 | INFO     | AppController | Остановка приложения...
2026-01-06 14:13:38 | INFO     | AppController | Приложение остановлено
2026-01-06 14:15:23 | INFO     | AppController | Остановка приложения...
2026-01-06 14:15:23 | INFO     | AppController | Приложение остановлено
2026-01-06 14:16:31 | INFO     | AppController | AppController создан
2026-01-06 14:16:32 | INFO     | AppController | Инициализация приложения...
2026-01-06 14:16:32 | INFO     | AppController | Приложение инициализировано
2026-01-06 14:16:32 | INFO     | AppController | Приложение запущено
2026-01-06 14:16:57 | INFO     | AppController | AppController создан
2026-01-06 14:16:57 | INFO     | AppController | Инициализация приложения...
2026-01-06 14:16:57 | INFO     | AppController | Приложение инициализировано
2026-01-06 14:16:57 | INFO     | AppController | Приложение запущено
2026-01-06 14:20:03 | INFO     | AppController | AppController создан
2026-01-06 14:20:03 | INFO     | AppController | Инициализация приложения...
2026-01-06 14:20:03 | INFO     | AppController | Приложение инициализировано
2026-01-06 14:20:03 | INFO     | AppController | Приложение запущено
2026-01-06 14:21:08 | INFO     | AppController | AppController создан
2026-01-06 14:21:08 | INFO     | AppController | Инициализация приложения...
2026-01-06 14:21:08 | INFO     | AppController | Приложение инициализировано
2026-01-06 14:21:08 | INFO     | AppController | Приложение запущено
2026-01-06 14:21:51 | INFO     | AppController | AppController создан
2026-01-06 14:21:51 | INFO     | AppController | Инициализация приложения...
2026-01-06 14:21:51 | INFO     | AppController | Приложение инициализировано
2026-01-06 14:21:51 | INFO     | AppController | Приложение запущено
2026-01-06 14:22:38 | INFO     | AppController | AppController создан
2026-01-06 14:22:38 | INFO     | AppController | Инициализация приложения...
2026-01-06 14:22:38 | INFO     | AppController | Приложение инициализировано
2026-01-06 14:22:38 | INFO     | AppController | Приложение запущено
2026-01-06 14:29:44 | INFO     | AppController | AppController создан
2026-01-06 14:29:44 | INFO     | AppController | Инициализация приложения...
2026-01-06 14:29:44 | INFO     | AppController | Приложение инициализировано
2026-01-06 14:29:44 | INFO     | AppController | Приложение запущено
2026-01-06 14:30:47 | INFO     | AppController | AppController создан
2026-01-06 14:30:47 | INFO     | AppController | Инициализация приложения...
2026-01-06 14:30:47 | INFO     | AppController | Приложение инициализировано
2026-01-06 14:30:47 | INFO     | AppController | Приложение запущено
2026-01-06 14:30:56 | INFO     | AppController | AppController создан
2026-01-06 14:30:57 | INFO     | AppController | Инициализация приложения...
2026-01-06 14:30:57 | INFO     | AppController | Приложение инициализировано
2026-01-06 14:30:57 | INFO     | AppController | Приложение запущено
2026-01-06 14:37:59 | INFO     | AppController | AppController создан
2026-01-06 14:38:10 | INFO     | AppController | Инициализация приложения...
2026-01-06 14:38:10 | INFO     | AppController | Приложение инициализировано
2026-01-06 14:38:10 | INFO     | AppController | Приложение запущено
2026-01-06 14:39:19 | INFO     | AppController | AppController создан
2026-01-06 14:39:19 | INFO     | AppController | Инициализация приложения...
2026-01-06 14:39:19 | INFO     | AppController | Приложение инициализировано
2026-01-06 14:39:19 | INFO     | AppController | Приложение запущено
2026-01-06 14:44:40 | INFO     | AppController | AppController создан
2026-01-06 14:44:40 | INFO     | AppController | Инициализация приложения...
2026-01-06 14:44:40 | INFO     | AppController | Приложение инициализировано
2026-01-06 14:44:40 | INFO     | AppController | Приложение запущено
2026-01-06 14:46:53 | INFO     | AppController | AppController создан
2026-01-06 14:46:53 | INFO     | AppController | Инициализация приложения...
2026-01-06 14:46:53 | INFO     | AppController | Приложение инициализировано
2026-01-06 14:46:53 | INFO     | AppController | Приложение запущено
2026-01-06 14:48:16 | INFO     | AppController | AppController создан
2026-01-06 14:48:16 | INFO     | AppController | Инициализация приложения...
2026-01-06 14:48:16 | INFO     | AppController | Приложение инициализировано
2026-01-06 14:48:16 | INFO     | AppController | Приложение запущено
2026-01-06 14:48:45 | INFO     | AppController | Остановка приложения...
2026-01-06 14:48:45 | INFO     | AppController | Приложение остановлено
2026-01-06 14:49:04 | INFO     | AppController | AppController создан
2026-01-06 14:49:18 | INFO     | AppController | Инициализация приложения...
2026-01-06 14:49:18 | INFO     | AppController | Приложение инициализировано
2026-01-06 14:49:18 | INFO     | AppController | Приложение запущено
2026-01-06 14:53:20 | INFO     | AppController | Остановка приложения...
2026-01-06 14:53:20 | INFO     | AppController | Приложение остановлено
2026-01-06 14:57:13 | INFO     | AppController | AppController создан
2026-01-06 14:57:13 | INFO     | AppController | Инициализация приложения...
2026-01-06 14:57:13 | INFO     | AppController | Приложение инициализировано
2026-01-06 14:57:13 | INFO     | AppController | Приложение запущено
2026-01-06 15:00:41 | INFO     | AppController | AppController создан
2026-01-06 15:00:42 | INFO     | AppController | Инициализация приложения...
2026-01-06 15:00:42 | INFO     | AppController | Приложение инициализировано
2026-01-06 15:00:42 | INFO     | AppController | Приложение запущено
2026-01-06 15:05:04 | INFO     | AppController | AppController создан
2026-01-06 15:05:05 | INFO     | AppController | Инициализация приложения...
2026-01-06 15:05:05 | INFO     | AppController | Приложение инициализировано
2026-01-06 15:05:05 | INFO     | AppController | Приложение запущено
2026-01-06 15:05:40 | INFO     | AppController | Остановка приложения...
2026-01-06 15:05:40 | INFO     | AppController | Приложение остановлено
2026-01-06 15:06:02 | INFO     | AppController | AppController создан
2026-01-06 15:06:02 | INFO     | AppController | Инициализация приложения...
2026-01-06 15:06:02 | INFO     | AppController | Приложение инициализировано
2026-01-06 15:06:02 | INFO     | AppController | Приложение запущено
2026-01-06 15:09:02 | INFO     | AppController | AppController создан
2026-01-06 15:09:03 | INFO     | AppController | Инициализация приложения...
2026-01-06 15:09:03 | INFO     | AppController | Приложение инициализировано
2026-01-06 15:09:03 | INFO     | AppController | Приложение запущено
2026-01-06 15:12:22 | INFO     | AppController | AppController создан
2026-01-06 15:14:46 | INFO     | AppController | AppController создан
2026-01-06 15:14:46 | INFO     | AppController | Инициализация приложения...
2026-01-06 15:14:46 | INFO     | AppController | Приложение инициализировано
2026-01-06 15:14:46 | INFO     | AppController | Приложение запущено
2026-01-06 15:16:17 | INFO     | AppController | AppController создан
2026-01-06 15:16:17 | INFO     | AppController | Инициализация приложения...
2026-01-06 15:16:17 | INFO     | AppController | Приложение инициализировано
2026-01-06 15:16:17 | INFO     | AppController | Приложение запущено
2026-01-06 15:36:04 | INFO     | AppController | AppController создан
2026-01-06 15:36:04 | INFO     | AppController | Инициализация приложения...
2026-01-06 15:36:04 | INFO     | AppController | Приложение инициализировано
2026-01-06 15:36:04 | INFO     | AppController | Приложение запущено
2026-01-06 15:36:21 | INFO     | AppController | Остановка приложения...
2026-01-06 15:36:21 | INFO     | AppController | Приложение остановлено
2026-01-06 15:36:26 | INFO     | AppController | AppController создан
2026-01-06 15:36:42 | INFO     | AppController | AppController создан
2026-01-06 15:36:45 | INFO     | AppController | Инициализация приложения...
2026-01-06 15:36:45 | INFO     | AppController | Приложение инициализировано
2026-01-06 15:36:45 | INFO     | AppController | Приложение запущено
2026-01-06 15:42:48 | INFO     | AppController | Остановка приложения...
2026-01-06 15:42:48 | INFO     | AppController | Приложение остановлено
